<?xml version="1.0" encoding="UTF-8"?>
<testsuite xmlns:xsi="http://www.w3.org/2001/XMLSchema-instance" xsi:noNamespaceSchemaLocation="https://maven.apache.org/surefire/maven-surefire-plugin/xsd/surefire-test-report-3.0.xsd" version="3.0" name="com.ems.employeemanagement.EmployeeServiceTest" time="8.945" tests="3" errors="0" skipped="0" failures="0">
  <properties>
[...]
</properties>
  <testcase name="onboardEmployee_shouldThrowOnDuplicateEmail" classname="com.ems.employeemanagement.EmployeeServiceTest" time="0.741">
    <system-out><![CDATA[12:45:10.642 [main] INFO org.springframework.test.context.support.AnnotationConfigContextLoaderUtils -- Could not detect default configuration classes for test class [com.ems.employeemanagement.EmployeeServiceTest]: EmployeeServiceTest does not declare any static, non-private, non-final, nested classes annotated with @Configuration.
12:45:10.762 [main] INFO org.springframework.boot.test.context.SpringBootTestContextBootstrapper -- Found @SpringBootConfiguration com.ems.employeemanagement.EmployeeManagementApplication for test class com.ems.employeemanagement.EmployeeServiceTest

  .   ____          _            __ _ _
 /\\ / ___'_ __ _ _(_)_ __  __ _ \ \ \ \
( ( )\___ | '_ | '_| | '_ \/ _` | \ \ \ \
 \\/  ___)| |_)| | | | | || (_| |  ) ) ) )
  '  |____| .__|_| |_|_| |_\__, | / / / /
 =========|_|==============|___/=/_/_/_/

 :: Spring Boot ::                (v3.3.2)

2026-06-13T12:45:11.280+05:30  INFO 2512 --- [employee-management-system] [           main] c.e.e.EmployeeServiceTest                : Starting EmployeeServiceTest using Java 17.0.2 with PID 2512 (started by NARESH MADDISHHETTY in C:\Users\NARESH MADDISHHETTY\Downloads\employee-management-system\employee-management-system)
2026-06-13T12:45:11.281+05:30 DEBUG 2512 --- [employee-management-system] [           main] c.e.e.EmployeeServiceTest                : Running with Spring Boot v3.3.2, Spring v6.1.11
2026-06-13T12:45:11.282+05:30  INFO 2512 --- [employee-management-system] [           main] c.e.e.EmployeeServiceTest                : The following 1 profile is active: "dev"
2026-06-13T12:45:12.816+05:30  INFO 2512 --- [employee-management-system] [           main] .s.d.r.c.RepositoryConfigurationDelegate : Bootstrapping Spring Data JPA repositories in DEFAULT mode.
2026-06-13T12:45:12.882+05:30  INFO 2512 --- [employee-management-system] [           main] .s.d.r.c.RepositoryConfigurationDelegate : Finished Spring Data repository scanning in 56 ms. Found 2 JPA repository interfaces.
2026-06-13T12:45:13.618+05:30  INFO 2512 --- [employee-management-system] [           main] o.hibernate.jpa.internal.util.LogHelper  : HHH000204: Processing PersistenceUnitInfo [name: default]
2026-06-13T12:45:13.720+05:30  INFO 2512 --- [employee-management-system] [           main] org.hibernate.Version                    : HHH000412: Hibernate ORM core version 6.5.2.Final
2026-06-13T12:45:13.773+05:30  INFO 2512 --- [employee-management-system] [           main] o.h.c.internal.RegionFactoryInitiator    : HHH000026: Second-level cache disabled
2026-06-13T12:45:14.302+05:30  INFO 2512 --- [employee-management-system] [           main] o.s.o.j.p.SpringPersistenceUnitInfo      : No LoadTimeWeaver setup: ignoring JPA class transformer
2026-06-13T12:45:14.338+05:30  INFO 2512 --- [employee-management-system] [           main] com.zaxxer.hikari.HikariDataSource       : HikariPool-1 - Starting...
2026-06-13T12:45:14.579+05:30  INFO 2512 --- [employee-management-system] [           main] com.zaxxer.hikari.pool.HikariPool        : HikariPool-1 - Added connection conn0: url=jdbc:h2:mem:emsdb user=SA
2026-06-13T12:45:14.582+05:30  INFO 2512 --- [employee-management-system] [           main] com.zaxxer.hikari.HikariDataSource       : HikariPool-1 - Start completed.
2026-06-13T12:45:14.607+05:30  WARN 2512 --- [employee-management-system] [           main] org.hibernate.orm.deprecation            : HHH90000025: H2Dialect does not need to be specified explicitly using 'hibernate.dialect' (remove the property setting and it will be selected by default)
2026-06-13T12:45:15.643+05:30  INFO 2512 --- [employee-management-system] [           main] o.h.e.t.j.p.i.JtaPlatformInitiator       : HHH000489: No JTA platform available (set 'hibernate.transaction.jta.platform' to enable JTA platform integration)
Hibernate: 
    create table departments (
        id bigint generated by default as identity,
        description varchar(255),
        name varchar(255) not null,
        primary key (id)
    )
Hibernate: 
    create table employees (
        id bigint generated by default as identity,
        created_at timestamp(6),
        date_of_joining date,
        email varchar(255) not null,
        first_name varchar(255) not null,
        job_title varchar(255),
        last_name varchar(255) not null,
        phone_number varchar(255),
        role enum ('ADMIN','EMPLOYEE','HR','MANAGER') not null,
        salary float(53),
        status enum ('ACTIVE','ON_LEAVE','SUSPENDED','TERMINATED') not null,
        updated_at timestamp(6),
        department_id bigint,
        manager_id bigint,
        primary key (id)
    )
Hibernate: 
    alter table if exists departments 
       drop constraint if exists UKj6cwks7xecs5jov19ro8ge3qk
Hibernate: 
    alter table if exists departments 
       add constraint UKj6cwks7xecs5jov19ro8ge3qk unique (name)
Hibernate: 
    alter table if exists employees 
       drop constraint if exists UKj9xgmd0ya5jmus09o0b8pqrpb
Hibernate: 
    alter table if exists employees 
       add constraint UKj9xgmd0ya5jmus09o0b8pqrpb unique (email)
Hibernate: 
    alter table if exists employees 
       add constraint FKgy4qe3dnqrm3ktd76sxp7n4c2 
       foreign key (department_id) 
       references departments
Hibernate: 
    alter table if exists employees 
       add constraint FKi4365uo9af35g7jtbc2rteukt 
       foreign key (manager_id) 
       references employees
2026-06-13T12:45:15.713+05:30  INFO 2512 --- [employee-management-system] [           main] j.LocalContainerEntityManagerFactoryBean : Initialized JPA EntityManagerFactory for persistence unit 'default'
2026-06-13T12:45:16.385+05:30  INFO 2512 --- [employee-management-system] [           main] o.s.d.j.r.query.QueryEnhancerFactory     : Hibernate is in classpath; If applicable, HQL parser will be used.
2026-06-13T12:45:18.410+05:30  INFO 2512 --- [employee-management-system] [           main] o.s.b.a.h2.H2ConsoleAutoConfiguration    : H2 console available at '/h2-console'. Database available at 'jdbc:h2:mem:emsdb'
2026-06-13T12:45:18.458+05:30  INFO 2512 --- [employee-management-system] [           main] o.s.b.a.e.web.EndpointLinksResolver      : Exposing 3 endpoints beneath base path '/actuator'
2026-06-13T12:45:18.541+05:30  INFO 2512 --- [employee-management-system] [           main] c.e.e.EmployeeServiceTest                : Started EmployeeServiceTest in 7.583 seconds (process running for 8.619)
Hibernate: 
    select
        e1_0.id,
        e1_0.created_at,
        e1_0.date_of_joining,
        e1_0.department_id,
        e1_0.email,
        e1_0.first_name,
        e1_0.job_title,
        e1_0.last_name,
        e1_0.manager_id,
        e1_0.phone_number,
        e1_0.role,
        e1_0.salary,
        e1_0.status,
        e1_0.updated_at 
    from
        employees e1_0
Hibernate: 
    select
        d1_0.id,
        d1_0.description,
        d1_0.name 
    from
        departments d1_0
Hibernate: 
    select
        e1_0.id 
    from
        employees e1_0 
    where
        e1_0.email=? 
    fetch
        first ? rows only
Hibernate: 
    insert 
    into
        employees
        (created_at, date_of_joining, department_id, email, first_name, job_title, last_name, manager_id, phone_number, role, salary, status, updated_at, id) 
    values
        (?, ?, ?, ?, ?, ?, ?, ?, ?, ?, ?, ?, ?, default)
Hibernate: 
    select
        e1_0.id 
    from
        employees e1_0 
    where
        e1_0.email=? 
    fetch
        first ? rows only
]]></system-out>
  </testcase>
  <testcase name="getEmployeeById_shouldThrowWhenNotFound" classname="com.ems.employeemanagement.EmployeeServiceTest" time="0.041">
    <system-out><![CDATA[Hibernate: 
    select
        e1_0.id,
        e1_0.created_at,
        e1_0.date_of_joining,
        e1_0.department_id,
        e1_0.email,
        e1_0.first_name,
        e1_0.job_title,
        e1_0.last_name,
        e1_0.manager_id,
        e1_0.phone_number,
        e1_0.role,
        e1_0.salary,
        e1_0.status,
        e1_0.updated_at 
    from
        employees e1_0
Hibernate: 
    delete 
    from
        employees 
    where
        id=?
Hibernate: 
    select
        d1_0.id,
        d1_0.description,
        d1_0.name 
    from
        departments d1_0
Hibernate: 
    select
        e1_0.id,
        e1_0.created_at,
        e1_0.date_of_joining,
        e1_0.department_id,
        e1_0.email,
        e1_0.first_name,
        e1_0.job_title,
        e1_0.last_name,
        e1_0.manager_id,
        e1_0.phone_number,
        e1_0.role,
        e1_0.salary,
        e1_0.status,
        e1_0.updated_at 
    from
        employees e1_0 
    where
        e1_0.id=?
]]></system-out>
  </testcase>
  <testcase name="onboardEmployee_shouldCreateEmployeeSuccessfully" classname="com.ems.employeemanagement.EmployeeServiceTest" time="0.024">
    <system-out><![CDATA[Hibernate: 
    select
        e1_0.id,
        e1_0.created_at,
        e1_0.date_of_joining,
        e1_0.department_id,
        e1_0.email,
        e1_0.first_name,
        e1_0.job_title,
        e1_0.last_name,
        e1_0.manager_id,
        e1_0.phone_number,
        e1_0.role,
        e1_0.salary,
        e1_0.status,
        e1_0.updated_at 
    from
        employees e1_0
Hibernate: 
    select
        d1_0.id,
        d1_0.description,
        d1_0.name 
    from
        departments d1_0
Hibernate: 
    select
        e1_0.id 
    from
        employees e1_0 
    where
        e1_0.email=? 
    fetch
        first ? rows only
Hibernate: 
    insert 
    into
        employees
        (created_at, date_of_joining, department_id, email, first_name, job_title, last_name, manager_id, phone_number, role, salary, status, updated_at, id) 
    values
        (?, ?, ?, ?, ?, ?, ?, ?, ?, ?, ?, ?, ?, default)
]]></system-out>
  </testcase>
</testsuite>